<?xml version="1.0" encoding="UTF-8" ?>
<testsuite tests="6" failures="1" name="TestSuite" time="26.587" errors="0" skipped="1">
  <properties>
[...]
</properties>
  <testcase classname="quickstart.jobSeeker.Testng" name="setup" time="18.05">
    <failure message="E:\workspace_Demo\JobsPlanet\config.properties (The system cannot find the path specified)" type="java.io.FileNotFoundException">java.io.FileNotFoundException: E:\workspace_Demo\JobsPlanet\config.properties (The system cannot find the path specified)
	at java.io.FileInputStream.open0(Native Method)
	at java.io.FileInputStream.open(FileInputStream.java:195)
	at java.io.FileInputStream.&lt;init&gt;(FileInputStream.java:138)
	at quickstart.jobSeeker.Testng.setup(Testng.java:35)
</failure>
    <system-out>Configuring TestNG with: org.apache.maven.surefire.testng.conf.TestNG652Configurator@1fbc7afb
</system-out>
    <system-err>SLF4J: Failed to load class &quot;org.slf4j.impl.StaticLoggerBinder&quot;.
SLF4J: Defaulting to no-operation (NOP) logger implementation
SLF4J: See http://www.slf4j.org/codes.html#StaticLoggerBinder for further details.
Starting ChromeDriver 102.0.5005.61 (0e59bcc00cc4985ce39ad31c150065f159d95ad3-refs/branch-heads/5005@{#819}) on port 2381
Only local connections are allowed.
Please see https://chromedriver.chromium.org/security-considerations for suggestions on keeping ChromeDriver safe.
ChromeDriver was started successfully.
Jun 01, 2022 3:32:02 PM org.openqa.selenium.remote.ProtocolHandshake createSession
INFO: Detected dialect: W3C
</system-err>
  </testcase>
  <testcase classname="quickstart.jobSeeker.Testng" name="login" time="0.001">
    <skipped/>
  </testcase>
  <testcase classname="quickstart.Tests.DemoTest" name="GoogleSearch_Facebook" time="2.91"/>
  <testcase classname="quickstart.Tests.DemoTest" name="GoogleSearch_LinkedIn" time="2.102"/>
  <testcase classname="quickstart.Tests.DemoTest" name="GoogleSearch_Twitter" time="1.852"/>
  <testcase classname="quickstart.Tests.DemoTest" name="GoogleSearch_automationScript" time="1.672"/>
</testsuite>