<?xml version="1.0" encoding="UTF-8"?>
<!-- Generated by org.testng.reporters.JUnitXMLReporter -->
<testsuite hostname="LAPTOP-JTAR9QI2" ignored="0" name="Command line test" tests="5" failures="0" timestamp="2022-06-01T15:32:17 IST" time="12.886" errors="0">
  <testcase name="@BeforeMethod setup" time="0.001" classname="quickstart.jobSeeker.Testng">
    <failure type="java.io.FileNotFoundException" message="E:\workspace_Demo\JobsPlanet\config.properties (The system cannot find the path specified)">
      <![CDATA[java.io.FileNotFoundException: E:\workspace_Demo\JobsPlanet\config.properties (The system cannot find the path specified)
at java.io.FileInputStream.open0(Native Method)
at java.io.FileInputStream.open(FileInputStream.java:195)
at java.io.FileInputStream.<init>(FileInputStream.java:138)
at quickstart.jobSeeker.Testng.setup(Testng.java:35)
at java.util.ArrayList.forEach(ArrayList.java:1257)
... Removed 41 stack frames]]>
    </failure>
  </testcase> <!-- @BeforeMethod setup -->
  <testcase name="login" time="0.0" classname="quickstart.jobSeeker.Testng">
    <skipped/>
  </testcase> <!-- login -->
  <testcase name="GoogleSearch_Facebook" time="2.916" classname="quickstart.Tests.DemoTest"/>
  <testcase name="GoogleSearch_LinkedIn" time="2.103" classname="quickstart.Tests.DemoTest"/>
  <testcase name="GoogleSearch_Twitter" time="1.852" classname="quickstart.Tests.DemoTest"/>
  <testcase name="GoogleSearch_automationScript" time="1.673" classname="quickstart.Tests.DemoTest"/>
</testsuite> <!-- Command line test -->
