<?xml version="1.0" encoding="UTF-8"?>
<!-- Generated by org.testng.reporters.JUnitXMLReporter -->
<testsuite hostname="LAPTOP-JTAR9QI2" ignored="0" name="Page Object Model using By and TestNG" tests="1" failures="0" timestamp="2022-05-27T21:38:12 IST" time="11.772" errors="0">
  <testcase name="@BeforeMethod setup" time="11.724" classname="quickstart.Tests.PreRegistration">
    <failure type="java.io.FileNotFoundException" message="C:\Users\Jyothirmayee\eclipse-workspace\Selenium-Java-POM-TestNG-PageFactory-main\Selenium-Java-POM-TestNG-PageFactory-main\config.properties (The system cannot find the file specified)">
      <![CDATA[java.io.FileNotFoundException: C:\Users\Jyothirmayee\eclipse-workspace\Selenium-Java-POM-TestNG-PageFactory-main\Selenium-Java-POM-TestNG-PageFactory-main\config.properties (The system cannot find the file specified)
at java.io.FileInputStream.open0(Native Method)
at java.io.FileInputStream.open(FileInputStream.java:195)
at java.io.FileInputStream.<init>(FileInputStream.java:138)
at quickstart.Tests.PreRegistration.setup(PreRegistration.java:34)
at java.util.ArrayList.forEach(ArrayList.java:1257)
... Removed 31 stack frames]]>
    </failure>
  </testcase> <!-- @BeforeMethod setup -->
  <testcase name="login" time="0.0" classname="quickstart.Tests.PreRegistration">
    <skipped/>
  </testcase> <!-- login -->
</testsuite> <!-- Page Object Model using By and TestNG -->
